  Source.cpp
e:\2019.1.30\programming-offer\pinduoduo002\pinduoduo002\pinduoduo002\source.cpp(13): error C3867: “std::basic_string<char,std::char_traits<char>,std::allocator<char>>::end”: 非标准语法；请使用 "&" 来创建指向成员的指针
e:\2019.1.30\programming-offer\pinduoduo002\pinduoduo002\pinduoduo002\source.cpp(13): error C2679: 二进制“<<”: 没有找到接受“overloaded-function”类型的右操作数的运算符(或没有可接受的转换)
  e:\software\vs\vc\tools\msvc\14.12.25827\include\ostream(488): note: 可能是“std::basic_ostream<char,std::char_traits<char>> &std::basic_ostream<char,std::char_traits<char>>::operator <<(std::basic_streambuf<char,std::char_traits<char>> *)”
  e:\software\vs\vc\tools\msvc\14.12.25827\include\ostream(468): note: 或    “std::basic_ostream<char,std::char_traits<char>> &std::basic_ostream<char,std::char_traits<char>>::operator <<(const void *)”
  e:\software\vs\vc\tools\msvc\14.12.25827\include\ostream(448): note: 或    “std::basic_ostream<char,std::char_traits<char>> &std::basic_ostream<char,std::char_traits<char>>::operator <<(long double)”
  e:\software\vs\vc\tools\msvc\14.12.25827\include\ostream(428): note: 或    “std::basic_ostream<char,std::char_traits<char>> &std::basic_ostream<char,std::char_traits<char>>::operator <<(double)”
  e:\software\vs\vc\tools\msvc\14.12.25827\include\ostream(408): note: 或    “std::basic_ostream<char,std::char_traits<char>> &std::basic_ostream<char,std::char_traits<char>>::operator <<(float)”
  e:\software\vs\vc\tools\msvc\14.12.25827\include\ostream(388): note: 或    “std::basic_ostream<char,std::char_traits<char>> &std::basic_ostream<char,std::char_traits<char>>::operator <<(unsigned __int64)”
  e:\software\vs\vc\tools\msvc\14.12.25827\include\ostream(368): note: 或    “std::basic_ostream<char,std::char_traits<char>> &std::basic_ostream<char,std::char_traits<char>>::operator <<(__int64)”
  e:\software\vs\vc\tools\msvc\14.12.25827\include\ostream(348): note: 或    “std::basic_ostream<char,std::char_traits<char>> &std::basic_ostream<char,std::char_traits<char>>::operator <<(unsigned long)”
  e:\software\vs\vc\tools\msvc\14.12.25827\include\ostream(328): note: 或    “std::basic_ostream<char,std::char_traits<char>> &std::basic_ostream<char,std::char_traits<char>>::operator <<(long)”
  e:\software\vs\vc\tools\msvc\14.12.25827\include\ostream(308): note: 或    “std::basic_ostream<char,std::char_traits<char>> &std::basic_ostream<char,std::char_traits<char>>::operator <<(unsigned int)”
  e:\software\vs\vc\tools\msvc\14.12.25827\include\ostream(283): note: 或    “std::basic_ostream<char,std::char_traits<char>> &std::basic_ostream<char,std::char_traits<char>>::operator <<(int)”
  e:\software\vs\vc\tools\msvc\14.12.25827\include\ostream(263): note: 或    “std::basic_ostream<char,std::char_traits<char>> &std::basic_ostream<char,std::char_traits<char>>::operator <<(unsigned short)”
  e:\software\vs\vc\tools\msvc\14.12.25827\include\ostream(229): note: 或    “std::basic_ostream<char,std::char_traits<char>> &std::basic_ostream<char,std::char_traits<char>>::operator <<(short)”
  e:\software\vs\vc\tools\msvc\14.12.25827\include\ostream(209): note: 或    “std::basic_ostream<char,std::char_traits<char>> &std::basic_ostream<char,std::char_traits<char>>::operator <<(bool)”
  e:\software\vs\vc\tools\msvc\14.12.25827\include\ostream(203): note: 或    “std::basic_ostream<char,std::char_traits<char>> &std::basic_ostream<char,std::char_traits<char>>::operator <<(std::ios_base &(__cdecl *)(std::ios_base &))”
  e:\software\vs\vc\tools\msvc\14.12.25827\include\ostream(197): note: 或    “std::basic_ostream<char,std::char_traits<char>> &std::basic_ostream<char,std::char_traits<char>>::operator <<(std::basic_ios<char,std::char_traits<char>> &(__cdecl *)(std::basic_ios<char,std::char_traits<char>> &))”
  e:\software\vs\vc\tools\msvc\14.12.25827\include\ostream(192): note: 或    “std::basic_ostream<char,std::char_traits<char>> &std::basic_ostream<char,std::char_traits<char>>::operator <<(std::basic_ostream<char,std::char_traits<char>> &(__cdecl *)(std::basic_ostream<char,std::char_traits<char>> &))”
  e:\software\vs\vc\tools\msvc\14.12.25827\include\ostream(1009): note: 或    “std::basic_ostream<char,std::char_traits<char>> &std::operator <<<char,std::char_traits<char>>(std::basic_ostream<char,std::char_traits<char>> &,const std::error_code &)”
  e:\software\vs\vc\tools\msvc\14.12.25827\include\ostream(961): note: 或    “std::basic_ostream<char,std::char_traits<char>> &std::operator <<<std::char_traits<char>>(std::basic_ostream<char,std::char_traits<char>> &,unsigned char)”
  e:\software\vs\vc\tools\msvc\14.12.25827\include\ostream(954): note: 或    “std::basic_ostream<char,std::char_traits<char>> &std::operator <<<std::char_traits<char>>(std::basic_ostream<char,std::char_traits<char>> &,const unsigned char *)”
  e:\software\vs\vc\tools\msvc\14.12.25827\include\ostream(947): note: 或    “std::basic_ostream<char,std::char_traits<char>> &std::operator <<<std::char_traits<char>>(std::basic_ostream<char,std::char_traits<char>> &,signed char)”
  e:\software\vs\vc\tools\msvc\14.12.25827\include\ostream(940): note: 或    “std::basic_ostream<char,std::char_traits<char>> &std::operator <<<std::char_traits<char>>(std::basic_ostream<char,std::char_traits<char>> &,const signed char *)”
  e:\software\vs\vc\tools\msvc\14.12.25827\include\ostream(814): note: 或    “std::basic_ostream<char,std::char_traits<char>> &std::operator <<<std::char_traits<char>>(std::basic_ostream<char,std::char_traits<char>> &,char)”
  e:\software\vs\vc\tools\msvc\14.12.25827\include\ostream(767): note: 或    “std::basic_ostream<char,std::char_traits<char>> &std::operator <<<std::char_traits<char>>(std::basic_ostream<char,std::char_traits<char>> &,const char *)”
  e:\software\vs\vc\tools\msvc\14.12.25827\include\ostream(729): note: 或    “std::basic_ostream<char,std::char_traits<char>> &std::operator <<<char,std::char_traits<char>>(std::basic_ostream<char,std::char_traits<char>> &,char)”
  e:\software\vs\vc\tools\msvc\14.12.25827\include\ostream(682): note: 或    “std::basic_ostream<char,std::char_traits<char>> &std::operator <<<char,std::char_traits<char>>(std::basic_ostream<char,std::char_traits<char>> &,const char *)”
  e:\2019.1.30\programming-offer\pinduoduo002\pinduoduo002\pinduoduo002\source.cpp(13): note: 尝试匹配参数列表“(std::ostream, overloaded-function)”时
